<?xml version="1.0" encoding="UTF-8"?>
<!-- Generated by org.testng.reporters.JUnitReportReporter -->
<testsuite hostname="DESKTOP-GEO1BRR" name="stepDefinition.TestNGRunner" tests="1" failures="0" timestamp="29 Jan 2019 15:09:55 GMT" time="0.019" errors="0">
  <testcase name="feature" time="0.019" classname="stepDefinition.TestNGRunner"/>
</testsuite> <!-- stepDefinition.TestNGRunner -->
