<?xml version="1.0" encoding="UTF-8"?>
<!-- Generated by org.testng.reporters.JUnitReportReporter -->
<testsuite skipped="0" hostname="DESKTOP-GEO1BRR" name="runner.TestNGRunner" tests="1" failures="0" timestamp="29 Jan 2019 15:57:12 GMT" time="0.919" errors="0">
  <testcase name="feature" time="0.919" classname="runner.TestNGRunner"/>
</testsuite> <!-- runner.TestNGRunner -->
